<?xml version="1.0" encoding="UTF-8"?>
<!-- Generated by org.testng.reporters.JUnitReportReporter -->
<testsuite hostname="DESKTOP-65LALTP" failures="0" tests="1" name="alldigitnumber" time="26.104" errors="0" timestamp="2023-05-10T13:15:00 EET" skipped="0">
  <testcase classname="alldigitnumber" name="testAppium1" time="26.104"/>
  <system-out/>
</testsuite> <!-- alldigitnumber -->
